<?xml version="1.0" encoding="UTF-8"?>
<testsuites name="Mocha Tests" time="0.1490" tests="1" failures="0">
  <testsuite name="Root Suite" timestamp="2023-11-22T15:51:02" tests="1" file="cypress/integration/privacy.spec.js" time="0.1490" failures="0">
    <testcase name="testa a página da política de privacidade de forma independente" time="0.1490" classname="testa a página da política de privacidade de forma independente">
    </testcase>
  </testsuite>
</testsuites>