<?xml version="1.0" encoding="UTF-8"?>
<testsuites name="Mocha Tests" time="9.1840" tests="19" failures="0">
  <testsuite name="Root Suite" timestamp="2023-11-22T15:52:23" tests="0" file="cypress/integration/CAC-TAT.spec.js" time="0.0000" failures="0">
  </testsuite>
  <testsuite name="Central de Atendimento ao Cliente TAT" timestamp="2023-11-22T15:52:23" tests="19" time="9.1840" failures="0">
    <testcase name="Central de Atendimento ao Cliente TAT verifica o título da aplicação" time="0.1590" classname="verifica o título da aplicação">
    </testcase>
    <testcase name="Central de Atendimento ao Cliente TAT preenche os campos obrigatórios e envia o formulário" time="1.3590" classname="preenche os campos obrigatórios e envia o formulário">
    </testcase>
    <testcase name="Central de Atendimento ao Cliente TAT exibe mensagem de erro ao submeter o formulário com um email com formatação inválida" time="1.3300" classname="exibe mensagem de erro ao submeter o formulário com um email com formatação inválida">
    </testcase>
    <testcase name="Central de Atendimento ao Cliente TAT campo telefone continua vazio quando preenchido com valor não númerico" time="0.2960" classname="campo telefone continua vazio quando preenchido com valor não númerico">
    </testcase>
    <testcase name="Central de Atendimento ao Cliente TAT exibe mensagem de erro quando o telefone se torna obrigatório mas não é preenchido antes do envio do formulário" time="1.1050" classname="exibe mensagem de erro quando o telefone se torna obrigatório mas não é preenchido antes do envio do formulário">
    </testcase>
    <testcase name="Central de Atendimento ao Cliente TAT preenche e limpa os campos nome, sobrenome, email e telefone" time="1.5920" classname="preenche e limpa os campos nome, sobrenome, email e telefone">
    </testcase>
    <testcase name="Central de Atendimento ao Cliente TAT exibe mensagem de erro ao submeter o formulário sem preencher os campos obrigatórios" time="0.1550" classname="exibe mensagem de erro ao submeter o formulário sem preencher os campos obrigatórios">
    </testcase>
    <testcase name="Central de Atendimento ao Cliente TAT envia o formuário com sucesso usando um comando customizado" time="1.2910" classname="envia o formuário com sucesso usando um comando customizado">
    </testcase>
    <testcase name="Central de Atendimento ao Cliente TAT seleciona um produto (YouTube) por seu texto" time="0.1990" classname="seleciona um produto (YouTube) por seu texto">
    </testcase>
    <testcase name="Central de Atendimento ao Cliente TAT seleciona um produto (Mentoria) por seu texto" time="0.1920" classname="seleciona um produto (Mentoria) por seu texto">
    </testcase>
    <testcase name="Central de Atendimento ao Cliente TAT seleciona um produto (blog) por seu texto" time="0.2160" classname="seleciona um produto (blog) por seu texto">
    </testcase>
    <testcase name="Central de Atendimento ao Cliente TAT marca o tipo de atendimento &quot;Feedback&quot;" time="0.1810" classname="marca o tipo de atendimento &quot;Feedback&quot;">
    </testcase>
    <testcase name="Central de Atendimento ao Cliente TAT marca cada tipo de atendimento" time="0.2300" classname="marca cada tipo de atendimento">
    </testcase>
    <testcase name="Central de Atendimento ao Cliente TAT marca ambos checkboxes, depois desmarca o último" time="0.2950" classname="marca ambos checkboxes, depois desmarca o último">
    </testcase>
    <testcase name="Central de Atendimento ao Cliente TAT seleciona um arquivo da pasta fixtures" time="0.1140" classname="seleciona um arquivo da pasta fixtures">
    </testcase>
    <testcase name="Central de Atendimento ao Cliente TAT seleciona um arquivo simulando um drag-and-drop" time="0.0930" classname="seleciona um arquivo simulando um drag-and-drop">
    </testcase>
    <testcase name="Central de Atendimento ao Cliente TAT seleciona um arquivo utilizando uma fixture para a qual foi dada um alias" time="0.1020" classname="seleciona um arquivo utilizando uma fixture para a qual foi dada um alias">
    </testcase>
    <testcase name="Central de Atendimento ao Cliente TAT verifica que a política de privacidade abre em outra aba sem a necessidade de um clique" time="0.0920" classname="verifica que a política de privacidade abre em outra aba sem a necessidade de um clique">
    </testcase>
    <testcase name="Central de Atendimento ao Cliente TAT acessa a página da política de privacidade removendo o target e então clicando no link" time="0.1830" classname="acessa a página da política de privacidade removendo o target e então clicando no link">
    </testcase>
  </testsuite>
</testsuites>